<?xml version="1.0" encoding="UTF-8"?>
<testsuite name="com.actionbarsherlock.internal.ResourcesCompatTest" time="46.795" tests="1" errors="1" skipped="0" failures="0">
  <properties>
[...]
</properties>
  <testcase name="com.actionbarsherlock.internal.ResourcesCompatTest" classname="com.actionbarsherlock.internal.ResourcesCompatTest" time="46.795">
    <error message="java.lang.RuntimeException: Stub!" type="java.lang.RuntimeException">java.lang.RuntimeException: java.lang.RuntimeException: Stub!
	at android.net.Uri.$$robo$$Uri_30fc_parse(Uri.java:53)
	at org.robolectric.bytecode.ShadowWrangler$InvocationPlan.callOriginal(ShadowWrangler.java:591)
	at android.net.Uri.parse(Uri.java)
	at org.robolectric.shadows.ShadowMediaStore.reset(ShadowMediaStore.java:27)
	at org.robolectric.Robolectric.resetStaticState(Robolectric.java:821)
	at org.robolectric.RobolectricTestRunner.resetStaticState(RobolectricTestRunner.java:224)
	at org.robolectric.RobolectricTestRunner.internalBeforeTest(RobolectricTestRunner.java:133)
	at org.robolectric.RobolectricTestRunner.methodBlock(RobolectricTestRunner.java:96)
	at org.junit.runners.BlockJUnit4ClassRunner.runChild(BlockJUnit4ClassRunner.java:68)
	at org.junit.runners.BlockJUnit4ClassRunner.runChild(BlockJUnit4ClassRunner.java:47)
	at org.junit.runners.ParentRunner$3.run(ParentRunner.java:231)
	at org.junit.runners.ParentRunner$1.schedule(ParentRunner.java:60)
	at org.junit.runners.ParentRunner.runChildren(ParentRunner.java:229)
	at org.junit.runners.ParentRunner.access$000(ParentRunner.java:50)
	at org.junit.runners.ParentRunner$2.evaluate(ParentRunner.java:222)
	at org.junit.runners.ParentRunner.run(ParentRunner.java:300)
	at org.apache.maven.surefire.junit4.JUnit4Provider.execute(JUnit4Provider.java:264)
	at org.apache.maven.surefire.junit4.JUnit4Provider.executeTestSet(JUnit4Provider.java:153)
	at org.apache.maven.surefire.junit4.JUnit4Provider.invoke(JUnit4Provider.java:124)
	at org.apache.maven.surefire.util.ReflectionUtils.invokeMethodWithArray2(ReflectionUtils.java:208)
	at org.apache.maven.surefire.booter.ProviderFactory$ProviderProxy.invoke(ProviderFactory.java:159)
	at org.apache.maven.surefire.booter.ProviderFactory.invokeProvider(ProviderFactory.java:87)
	at org.apache.maven.surefire.booter.ForkedBooter.runSuitesInProcess(ForkedBooter.java:153)
	at org.apache.maven.surefire.booter.ForkedBooter.main(ForkedBooter.java:95)
</error>
    <system-out>Warning: an error occurred while binding shadow class: ShadowGeoPoint
Warning: an error occurred while binding shadow class: ShadowItemizedOverlay
Warning: an error occurred while binding shadow class: ShadowMapController
Warning: an error occurred while binding shadow class: ShadowMapActivity
Warning: an error occurred while binding shadow class: ShadowMapView
Warning: an error occurred while binding shadow class: ShadowOverlayItem
</system-out>
    <system-err>Downloading: org/robolectric/android-base/4.1.2_r1_rc/android-base-4.1.2_r1_rc.pom from repository central at http://repo1.maven.org/maven2
Transferring 1K from central
Downloading: org/robolectric/android-kxml2/4.1.2_r1_rc/android-kxml2-4.1.2_r1_rc.pom from repository central at http://repo1.maven.org/maven2
Transferring 1K from central
Downloading: org/robolectric/android-luni/4.1.2_r1_rc/android-luni-4.1.2_r1_rc.pom from repository central at http://repo1.maven.org/maven2
Transferring 1K from central
Downloading: org/robolectric/android-base/4.1.2_r1_rc/android-base-4.1.2_r1_rc-real.jar from repository central at http://repo1.maven.org/maven2
Transferring 9901K from central
Downloading: org/robolectric/android-kxml2/4.1.2_r1_rc/android-kxml2-4.1.2_r1_rc-real.jar from repository central at http://repo1.maven.org/maven2
Transferring 43K from central
Downloading: org/robolectric/android-luni/4.1.2_r1_rc/android-luni-4.1.2_r1_rc-real.jar from repository central at http://repo1.maven.org/maven2
Transferring 44K from central
java.lang.RuntimeException: Stub!
	at android.net.Uri.$$robo$$Uri_30fc_parse(Uri.java:53)
	at org.robolectric.bytecode.ShadowWrangler$InvocationPlan.callOriginal(ShadowWrangler.java:591)
	at android.net.Uri.parse(Uri.java)
	at org.robolectric.shadows.ShadowMediaStore.reset(ShadowMediaStore.java:27)
	at org.robolectric.Robolectric.resetStaticState(Robolectric.java:821)
	at org.robolectric.RobolectricTestRunner.resetStaticState(RobolectricTestRunner.java:224)
	at org.robolectric.RobolectricTestRunner.internalBeforeTest(RobolectricTestRunner.java:133)
	at org.robolectric.RobolectricTestRunner.methodBlock(RobolectricTestRunner.java:96)
	at org.junit.runners.BlockJUnit4ClassRunner.runChild(BlockJUnit4ClassRunner.java:68)
	at org.junit.runners.BlockJUnit4ClassRunner.runChild(BlockJUnit4ClassRunner.java:47)
	at org.junit.runners.ParentRunner$3.run(ParentRunner.java:231)
	at org.junit.runners.ParentRunner$1.schedule(ParentRunner.java:60)
	at org.junit.runners.ParentRunner.runChildren(ParentRunner.java:229)
	at org.junit.runners.ParentRunner.access$000(ParentRunner.java:50)
	at org.junit.runners.ParentRunner$2.evaluate(ParentRunner.java:222)
	at org.junit.runners.ParentRunner.run(ParentRunner.java:300)
	at org.apache.maven.surefire.junit4.JUnit4Provider.execute(JUnit4Provider.java:264)
	at org.apache.maven.surefire.junit4.JUnit4Provider.executeTestSet(JUnit4Provider.java:153)
	at org.apache.maven.surefire.junit4.JUnit4Provider.invoke(JUnit4Provider.java:124)
	at org.apache.maven.surefire.util.ReflectionUtils.invokeMethodWithArray2(ReflectionUtils.java:208)
	at org.apache.maven.surefire.booter.ProviderFactory$ProviderProxy.invoke(ProviderFactory.java:159)
	at org.apache.maven.surefire.booter.ProviderFactory.invokeProvider(ProviderFactory.java:87)
	at org.apache.maven.surefire.booter.ForkedBooter.runSuitesInProcess(ForkedBooter.java:153)
	at org.apache.maven.surefire.booter.ForkedBooter.main(ForkedBooter.java:95)
</system-err>
  </testcase>
</testsuite>